\BOOKMARK [0][-]{chapter.1}{\376\377\0001\000\040\000H\000i\000e\000r\000a\000r\000c\000h\000i\000c\000a\000l\000\040\000I\000n\000d\000e\000x}{}% 1
\BOOKMARK [1][-]{section.1.1}{\376\377\0001\000.\0001\000\040\000C\000l\000a\000s\000s\000\040\000H\000i\000e\000r\000a\000r\000c\000h\000y}{chapter.1}% 2
\BOOKMARK [0][-]{chapter.2}{\376\377\0002\000\040\000D\000a\000t\000a\000\040\000S\000t\000r\000u\000c\000t\000u\000r\000e\000\040\000I\000n\000d\000e\000x}{}% 3
\BOOKMARK [1][-]{section.2.1}{\376\377\0002\000.\0001\000\040\000D\000a\000t\000a\000\040\000S\000t\000r\000u\000c\000t\000u\000r\000e\000s}{chapter.2}% 4
\BOOKMARK [0][-]{chapter.3}{\376\377\0003\000\040\000D\000a\000t\000a\000\040\000S\000t\000r\000u\000c\000t\000u\000r\000e\000\040\000D\000o\000c\000u\000m\000e\000n\000t\000a\000t\000i\000o\000n}{}% 5
\BOOKMARK [1][-]{section.3.1}{\376\377\0003\000.\0001\000\040\000C\000o\000m\000m\000o\000n\000\040\000C\000l\000a\000s\000s\000\040\000R\000e\000f\000e\000r\000e\000n\000c\000e}{chapter.3}% 6
\BOOKMARK [2][-]{subsection.3.1.1}{\376\377\0003\000.\0001\000.\0001\000\040\000D\000e\000t\000a\000i\000l\000e\000d\000\040\000D\000e\000s\000c\000r\000i\000p\000t\000i\000o\000n}{section.3.1}% 7
\BOOKMARK [2][-]{subsection.3.1.2}{\376\377\0003\000.\0001\000.\0002\000\040\000M\000e\000m\000b\000e\000r\000\040\000F\000u\000n\000c\000t\000i\000o\000n\000\040\000D\000o\000c\000u\000m\000e\000n\000t\000a\000t\000i\000o\000n}{section.3.1}% 8
\BOOKMARK [3][-]{subsubsection.3.1.2.1}{\376\377\0003\000.\0001\000.\0002\000.\0001\000\040\000C\000o\000m\000m\000o\000n\000\050\000d\000e\000b\000u\000g\000\051}{subsection.3.1.2}% 9
\BOOKMARK [3][-]{subsubsection.3.1.2.2}{\376\377\0003\000.\0001\000.\0002\000.\0002\000\040\000c\000o\000n\000n\000e\000c\000t\000\050\000d\000b\000\051}{subsection.3.1.2}% 10
\BOOKMARK [3][-]{subsubsection.3.1.2.3}{\376\377\0003\000.\0001\000.\0002\000.\0003\000\040\000e\000x\000e\000c\000u\000t\000e\000Q\000u\000e\000r\000y\000\050\000s\000q\000l\000,\000\040\000f\000i\000l\000e\000n\000a\000m\000e\000\051}{subsection.3.1.2}% 11
\BOOKMARK [1][-]{section.3.2}{\376\377\0003\000.\0002\000\040\000C\000o\000m\000m\000o\000n\000I\000n\000t\000e\000r\000f\000a\000c\000e\000\040\000I\000n\000t\000e\000r\000f\000a\000c\000e\000\040\000R\000e\000f\000e\000r\000e\000n\000c\000e}{chapter.3}% 12
\BOOKMARK [2][-]{subsection.3.2.1}{\376\377\0003\000.\0002\000.\0001\000\040\000D\000e\000t\000a\000i\000l\000e\000d\000\040\000D\000e\000s\000c\000r\000i\000p\000t\000i\000o\000n}{section.3.2}% 13
\BOOKMARK [2][-]{subsection.3.2.2}{\376\377\0003\000.\0002\000.\0002\000\040\000M\000e\000m\000b\000e\000r\000\040\000F\000u\000n\000c\000t\000i\000o\000n\000\040\000D\000o\000c\000u\000m\000e\000n\000t\000a\000t\000i\000o\000n}{section.3.2}% 14
\BOOKMARK [3][-]{subsubsection.3.2.2.1}{\376\377\0003\000.\0002\000.\0002\000.\0001\000\040\000C\000o\000m\000m\000o\000n\000\050\000d\000e\000b\000u\000g\000\051}{subsection.3.2.2}% 15
\BOOKMARK [3][-]{subsubsection.3.2.2.2}{\376\377\0003\000.\0002\000.\0002\000.\0002\000\040\000c\000o\000n\000n\000e\000c\000t\000\050\000d\000b\000\051}{subsection.3.2.2}% 16
\BOOKMARK [3][-]{subsubsection.3.2.2.3}{\376\377\0003\000.\0002\000.\0002\000.\0003\000\040\000e\000x\000e\000c\000u\000t\000e\000Q\000u\000e\000r\000y\000\050\000s\000q\000l\000,\000\040\000f\000i\000l\000e\000n\000a\000m\000e\000\051}{subsection.3.2.2}% 17
\BOOKMARK [1][-]{section.3.3}{\376\377\0003\000.\0003\000\040\000P\000H\000P\000t\000o\000S\000Q\000L\000\040\000C\000l\000a\000s\000s\000\040\000R\000e\000f\000e\000r\000e\000n\000c\000e}{chapter.3}% 18
\BOOKMARK [2][-]{subsection.3.3.1}{\376\377\0003\000.\0003\000.\0001\000\040\000C\000o\000n\000s\000t\000r\000u\000c\000t\000o\000r\000\040\000\046\000\040\000D\000e\000s\000t\000r\000u\000c\000t\000o\000r\000\040\000D\000o\000c\000u\000m\000e\000n\000t\000a\000t\000i\000o\000n}{section.3.3}% 19
\BOOKMARK [3][-]{subsubsection.3.3.1.1}{\376\377\0003\000.\0003\000.\0001\000.\0001\000\040\000c\000o\000n\000s\000t\000r\000u\000c\000t\000\050\000d\000b\000\051}{subsection.3.3.1}% 20
\BOOKMARK [3][-]{subsubsection.3.3.1.2}{\376\377\0003\000.\0003\000.\0001\000.\0002\000\040\000d\000e\000s\000t\000r\000u\000c\000t\000\050\000\051}{subsection.3.3.1}% 21
\BOOKMARK [2][-]{subsection.3.3.2}{\376\377\0003\000.\0003\000.\0002\000\040\000M\000e\000m\000b\000e\000r\000\040\000F\000u\000n\000c\000t\000i\000o\000n\000\040\000D\000o\000c\000u\000m\000e\000n\000t\000a\000t\000i\000o\000n}{section.3.3}% 22
\BOOKMARK [3][-]{subsubsection.3.3.2.1}{\376\377\0003\000.\0003\000.\0002\000.\0001\000\040\000C\000o\000n\000v\000e\000r\000t\000T\000i\000m\000e\000\050\000T\000i\000m\000e\000\051}{subsection.3.3.2}% 23
\BOOKMARK [3][-]{subsubsection.3.3.2.2}{\376\377\0003\000.\0003\000.\0002\000.\0002\000\040\000E\000x\000e\000c\000u\000t\000e\000Q\000u\000e\000r\000y\000\050\000T\000i\000m\000e\0001\000,\000\040\000T\000i\000m\000e\0002\000,\000\040\000C\000O\000M\000M\000O\000N\000\051}{subsection.3.3.2}% 24
\BOOKMARK [3][-]{subsubsection.3.3.2.3}{\376\377\0003\000.\0003\000.\0002\000.\0003\000\040\000G\000e\000t\000A\000v\000e\000r\000a\000g\000e\000C\000o\000u\000n\000t\000I\000n\000H\000o\000u\000r\000\050\000c\000o\000u\000n\000t\000B\000y\000H\000o\000u\000r\000\051}{subsection.3.3.2}% 25
\BOOKMARK [3][-]{subsubsection.3.3.2.4}{\376\377\0003\000.\0003\000.\0002\000.\0004\000\040\000g\000e\000t\000L\000i\000s\000t\000O\000f\000L\000o\000c\000a\000t\000i\000o\000n\000s\000\050\000\051}{subsection.3.3.2}% 26
\BOOKMARK [3][-]{subsubsection.3.3.2.5}{\376\377\0003\000.\0003\000.\0002\000.\0005\000\040\000G\000e\000t\000M\000a\000x\000i\000m\000u\000m\000C\000o\000u\000n\000t\000I\000n\000H\000o\000u\000r\000\050\000c\000o\000u\000n\000t\000B\000y\000H\000o\000u\000r\000,\000\040\000d\000a\000t\000e\000B\000y\000H\000o\000u\000r\000\051}{subsection.3.3.2}% 27
\BOOKMARK [3][-]{subsubsection.3.3.2.6}{\376\377\0003\000.\0003\000.\0002\000.\0006\000\040\000G\000e\000t\000M\000e\000d\000i\000a\000n\000C\000o\000u\000n\000t\000I\000n\000H\000o\000u\000r\000\050\000c\000o\000u\000n\000t\000B\000y\000H\000o\000u\000r\000,\000\040\000d\000a\000t\000e\000B\000y\000H\000o\000u\000r\000\051}{subsection.3.3.2}% 28
\BOOKMARK [3][-]{subsubsection.3.3.2.7}{\376\377\0003\000.\0003\000.\0002\000.\0007\000\040\000G\000e\000t\000M\000i\000n\000i\000m\000u\000m\000C\000o\000u\000n\000t\000I\000n\000H\000o\000u\000r\000\050\000c\000o\000u\000n\000t\000B\000y\000H\000o\000u\000r\000,\000\040\000d\000a\000t\000e\000B\000y\000H\000o\000u\000r\000\051}{subsection.3.3.2}% 29
\BOOKMARK [3][-]{subsubsection.3.3.2.8}{\376\377\0003\000.\0003\000.\0002\000.\0008\000\040\000g\000e\000t\000N\000u\000m\000C\000a\000r\000s\000T\000h\000i\000s\000W\000e\000e\000k\000\050\000l\000o\000c\000a\000t\000i\000o\000n\000C\000h\000o\000i\000c\000e\000\051}{subsection.3.3.2}% 30
\BOOKMARK [3][-]{subsubsection.3.3.2.9}{\376\377\0003\000.\0003\000.\0002\000.\0009\000\040\000g\000e\000t\000T\000r\000a\000f\000f\000i\000c\000B\000y\000D\000a\000y\000\050\000y\000e\000a\000r\000,\000\040\000m\000o\000n\000t\000h\000,\000\040\000d\000a\000y\000,\000\040\000l\000o\000c\000a\000t\000i\000o\000n\000C\000h\000o\000i\000c\000e\000\051}{subsection.3.3.2}% 31
\BOOKMARK [3][-]{subsubsection.3.3.2.10}{\376\377\0003\000.\0003\000.\0002\000.\0001\0000\000\040\000g\000e\000t\000T\000r\000a\000f\000f\000i\000c\000B\000y\000M\000o\000n\000t\000h\000\050\000y\000e\000a\000r\000,\000\040\000m\000o\000n\000t\000h\000,\000\040\000l\000o\000c\000a\000t\000i\000o\000n\000C\000h\000o\000i\000c\000e\000\051}{subsection.3.3.2}% 32
\BOOKMARK [3][-]{subsubsection.3.3.2.11}{\376\377\0003\000.\0003\000.\0002\000.\0001\0001\000\040\000g\000e\000t\000T\000r\000a\000f\000f\000i\000c\000B\000y\000Y\000e\000a\000r\000\050\000y\000e\000a\000r\000,\000\040\000l\000o\000c\000a\000t\000i\000o\000n\000C\000h\000o\000i\000c\000e\000\051}{subsection.3.3.2}% 33
\BOOKMARK [3][-]{subsubsection.3.3.2.12}{\376\377\0003\000.\0003\000.\0002\000.\0001\0002\000\040\000g\000e\000t\000T\000r\000a\000f\000f\000i\000c\000T\000i\000m\000e\000R\000a\000n\000g\000e\000\050\000y\000e\000a\000r\0001\000,\000\040\000m\000o\000n\000t\000h\0001\000,\000\040\000d\000a\000y\0001\000,\000\040\000y\000e\000a\000r\0002\000,\000\040\000m\000o\000n\000t\000h\0002\000,\000\040\000d\000a\000y\0002\000,\000\040\000l\000o\000c\000a\000t\000i\000o\000n\000C\000h\000o\000i\000c\000e\000\051}{subsection.3.3.2}% 34
\BOOKMARK [3][-]{subsubsection.3.3.2.13}{\376\377\0003\000.\0003\000.\0002\000.\0001\0003\000\040\000G\000r\000o\000u\000p\000R\000e\000s\000u\000l\000t\000s\000B\000y\000H\000o\000u\000r\000\050\000r\000e\000s\000u\000l\000t\000s\000\051}{subsection.3.3.2}% 35
\BOOKMARK [3][-]{subsubsection.3.3.2.14}{\376\377\0003\000.\0003\000.\0002\000.\0001\0004\000\040\000P\000r\000i\000n\000t\000R\000e\000s\000u\000l\000t\000s\000\050\000r\000e\000s\000u\000l\000t\000s\000\051}{subsection.3.3.2}% 36
\BOOKMARK [3][-]{subsubsection.3.3.2.15}{\376\377\0003\000.\0003\000.\0002\000.\0001\0005\000\040\000R\000e\000f\000o\000r\000m\000a\000t\000D\000a\000t\000e\000\050\000d\000a\000t\000e\000\051}{subsection.3.3.2}% 37
\BOOKMARK [1][-]{section.3.4}{\376\377\0003\000.\0004\000\040\000P\000H\000P\000t\000o\000S\000Q\000L\000I\000n\000t\000e\000r\000f\000a\000c\000e\000\040\000I\000n\000t\000e\000r\000f\000a\000c\000e\000\040\000R\000e\000f\000e\000r\000e\000n\000c\000e}{chapter.3}% 38
\BOOKMARK [2][-]{subsection.3.4.1}{\376\377\0003\000.\0004\000.\0001\000\040\000D\000e\000t\000a\000i\000l\000e\000d\000\040\000D\000e\000s\000c\000r\000i\000p\000t\000i\000o\000n}{section.3.4}% 39
\BOOKMARK [2][-]{subsection.3.4.2}{\376\377\0003\000.\0004\000.\0002\000\040\000C\000o\000n\000s\000t\000r\000u\000c\000t\000o\000r\000\040\000\046\000\040\000D\000e\000s\000t\000r\000u\000c\000t\000o\000r\000\040\000D\000o\000c\000u\000m\000e\000n\000t\000a\000t\000i\000o\000n}{section.3.4}% 40
\BOOKMARK [3][-]{subsubsection.3.4.2.1}{\376\377\0003\000.\0004\000.\0002\000.\0001\000\040\000c\000o\000n\000s\000t\000r\000u\000c\000t\000\050\000d\000b\000\051}{subsection.3.4.2}% 41
\BOOKMARK [3][-]{subsubsection.3.4.2.2}{\376\377\0003\000.\0004\000.\0002\000.\0002\000\040\000d\000e\000s\000t\000r\000u\000c\000t\000\050\000\051}{subsection.3.4.2}% 42
\BOOKMARK [2][-]{subsection.3.4.3}{\376\377\0003\000.\0004\000.\0003\000\040\000M\000e\000m\000b\000e\000r\000\040\000F\000u\000n\000c\000t\000i\000o\000n\000\040\000D\000o\000c\000u\000m\000e\000n\000t\000a\000t\000i\000o\000n}{section.3.4}% 43
\BOOKMARK [3][-]{subsubsection.3.4.3.1}{\376\377\0003\000.\0004\000.\0003\000.\0001\000\040\000C\000o\000n\000v\000e\000r\000t\000T\000i\000m\000e\000\050\000T\000i\000m\000e\000\051}{subsection.3.4.3}% 44
\BOOKMARK [3][-]{subsubsection.3.4.3.2}{\376\377\0003\000.\0004\000.\0003\000.\0002\000\040\000E\000x\000e\000c\000u\000t\000e\000Q\000u\000e\000r\000y\000\050\000T\000i\000m\000e\0001\000,\000\040\000T\000i\000m\000e\0002\000,\000\040\000C\000O\000M\000M\000O\000N\000\051}{subsection.3.4.3}% 45
\BOOKMARK [3][-]{subsubsection.3.4.3.3}{\376\377\0003\000.\0004\000.\0003\000.\0003\000\040\000G\000e\000t\000A\000v\000e\000r\000a\000g\000e\000C\000o\000u\000n\000t\000I\000n\000H\000o\000u\000r\000\050\000c\000o\000u\000n\000t\000B\000y\000H\000o\000u\000r\000\051}{subsection.3.4.3}% 46
\BOOKMARK [3][-]{subsubsection.3.4.3.4}{\376\377\0003\000.\0004\000.\0003\000.\0004\000\040\000g\000e\000t\000L\000i\000s\000t\000O\000f\000L\000o\000c\000a\000t\000i\000o\000n\000s\000\050\000\051}{subsection.3.4.3}% 47
\BOOKMARK [3][-]{subsubsection.3.4.3.5}{\376\377\0003\000.\0004\000.\0003\000.\0005\000\040\000G\000e\000t\000M\000a\000x\000i\000m\000u\000m\000C\000o\000u\000n\000t\000I\000n\000H\000o\000u\000r\000\050\000c\000o\000u\000n\000t\000B\000y\000H\000o\000u\000r\000,\000\040\000d\000a\000t\000e\000B\000y\000H\000o\000u\000r\000\051}{subsection.3.4.3}% 48
\BOOKMARK [3][-]{subsubsection.3.4.3.6}{\376\377\0003\000.\0004\000.\0003\000.\0006\000\040\000G\000e\000t\000M\000e\000d\000i\000a\000n\000C\000o\000u\000n\000t\000I\000n\000H\000o\000u\000r\000\050\000c\000o\000u\000n\000t\000B\000y\000H\000o\000u\000r\000,\000\040\000d\000a\000t\000e\000B\000y\000H\000o\000u\000r\000\051}{subsection.3.4.3}% 49
\BOOKMARK [3][-]{subsubsection.3.4.3.7}{\376\377\0003\000.\0004\000.\0003\000.\0007\000\040\000G\000e\000t\000M\000i\000n\000i\000m\000u\000m\000C\000o\000u\000n\000t\000I\000n\000H\000o\000u\000r\000\050\000c\000o\000u\000n\000t\000B\000y\000H\000o\000u\000r\000,\000\040\000d\000a\000t\000e\000B\000y\000H\000o\000u\000r\000\051}{subsection.3.4.3}% 50
\BOOKMARK [3][-]{subsubsection.3.4.3.8}{\376\377\0003\000.\0004\000.\0003\000.\0008\000\040\000g\000e\000t\000N\000u\000m\000C\000a\000r\000s\000T\000h\000i\000s\000W\000e\000e\000k\000\050\000l\000o\000c\000a\000t\000i\000o\000n\000C\000h\000o\000i\000c\000e\000\051}{subsection.3.4.3}% 51
\BOOKMARK [3][-]{subsubsection.3.4.3.9}{\376\377\0003\000.\0004\000.\0003\000.\0009\000\040\000g\000e\000t\000T\000r\000a\000f\000f\000i\000c\000B\000y\000D\000a\000y\000\050\000y\000e\000a\000r\000,\000\040\000m\000o\000n\000t\000h\000,\000\040\000d\000a\000y\000,\000\040\000l\000o\000c\000a\000t\000i\000o\000n\000C\000h\000o\000i\000c\000e\000\051}{subsection.3.4.3}% 52
\BOOKMARK [3][-]{subsubsection.3.4.3.10}{\376\377\0003\000.\0004\000.\0003\000.\0001\0000\000\040\000g\000e\000t\000T\000r\000a\000f\000f\000i\000c\000B\000y\000M\000o\000n\000t\000h\000\050\000y\000e\000a\000r\000,\000\040\000m\000o\000n\000t\000h\000,\000\040\000l\000o\000c\000a\000t\000i\000o\000n\000C\000h\000o\000i\000c\000e\000\051}{subsection.3.4.3}% 53
\BOOKMARK [3][-]{subsubsection.3.4.3.11}{\376\377\0003\000.\0004\000.\0003\000.\0001\0001\000\040\000g\000e\000t\000T\000r\000a\000f\000f\000i\000c\000B\000y\000Y\000e\000a\000r\000\050\000y\000e\000a\000r\000,\000\040\000l\000o\000c\000a\000t\000i\000o\000n\000C\000h\000o\000i\000c\000e\000\051}{subsection.3.4.3}% 54
\BOOKMARK [3][-]{subsubsection.3.4.3.12}{\376\377\0003\000.\0004\000.\0003\000.\0001\0002\000\040\000g\000e\000t\000T\000r\000a\000f\000f\000i\000c\000T\000i\000m\000e\000R\000a\000n\000g\000e\000\050\000y\000e\000a\000r\0001\000,\000\040\000m\000o\000n\000t\000h\0001\000,\000\040\000d\000a\000y\0001\000,\000\040\000y\000e\000a\000r\0002\000,\000\040\000m\000o\000n\000t\000h\0002\000,\000\040\000d\000a\000y\0002\000,\000\040\000l\000o\000c\000a\000t\000i\000o\000n\000C\000h\000o\000i\000c\000e\000\051}{subsection.3.4.3}% 55
\BOOKMARK [3][-]{subsubsection.3.4.3.13}{\376\377\0003\000.\0004\000.\0003\000.\0001\0003\000\040\000G\000r\000o\000u\000p\000R\000e\000s\000u\000l\000t\000s\000B\000y\000H\000o\000u\000r\000\050\000r\000e\000s\000u\000l\000t\000s\000\051}{subsection.3.4.3}% 56
\BOOKMARK [3][-]{subsubsection.3.4.3.14}{\376\377\0003\000.\0004\000.\0003\000.\0001\0004\000\040\000P\000r\000i\000n\000t\000R\000e\000s\000u\000l\000t\000s\000\050\000r\000e\000s\000u\000l\000t\000s\000\051}{subsection.3.4.3}% 57
\BOOKMARK [3][-]{subsubsection.3.4.3.15}{\376\377\0003\000.\0004\000.\0003\000.\0001\0005\000\040\000R\000e\000f\000o\000r\000m\000a\000t\000D\000a\000t\000e\000\050\000d\000a\000t\000e\000\051}{subsection.3.4.3}% 58
\BOOKMARK [0][-]{section*.11}{\376\377\000I\000n\000d\000e\000x}{}% 59
